\BOOKMARK [1][-]{section.1}{\376\377\173\200\116\313}{}% 1
\BOOKMARK [1][-]{section.2}{\376\377\116\373\122\241\133\232\116\111}{}% 2
\BOOKMARK [2][-]{subsection.2.1}{\376\377\116\305\122\051\165\050\126\376\120\317\117\341\140\157}{section.2}% 3
\BOOKMARK [2][-]{subsection.2.2}{\376\377\116\305\122\051\165\050\145\207\147\054\117\341\140\157}{section.2}% 4
\BOOKMARK [2][-]{subsection.2.3}{\376\377\124\014\145\366\122\051\165\050\126\376\120\317\116\016\145\207\147\054\117\341\140\157}{section.2}% 5
\BOOKMARK [1][-]{section.3}{\376\377\145\160\143\156\145\164\164\006}{}% 6
\BOOKMARK [1][-]{section.4}{\376\377\145\271\154\325\213\276\213\241}{}% 7
\BOOKMARK [2][-]{subsection.4.1}{\376\377\116\305\122\051\165\050\126\376\120\317\117\341\140\157}{section.4}% 8
\BOOKMARK [3][-]{subsubsection.4.1.1}{\376\377\000R\000e\000s\000N\000e\000t}{subsection.4.1}% 9
\BOOKMARK [3][-]{subsubsection.4.1.2}{\376\377\000R\000e\000s\000N\000e\000X\000t}{subsection.4.1}% 10
\BOOKMARK [3][-]{subsubsection.4.1.3}{\376\377\000D\000e\000n\000s\000e\000N\000e\000t}{subsection.4.1}% 11
\BOOKMARK [3][-]{subsubsection.4.1.4}{\376\377\000E\000f\000f\000i\000c\000i\000e\000n\000t\000N\000e\000t}{subsection.4.1}% 12
\BOOKMARK [3][-]{subsubsection.4.1.5}{\376\377\000N\000F\000N\000e\000t}{subsection.4.1}% 13
\BOOKMARK [3][-]{subsubsection.4.1.6}{\376\377\000E\000n\000s\000e\000m\000b\000l\000e\000:\000\040\122\006\174\173\126\150\136\246\221\317\134\102\217\223\121\372\207\215\124\010}{subsection.4.1}% 14
\BOOKMARK [2][-]{subsection.4.2}{\376\377\116\305\122\051\165\050\145\207\147\054\117\341\140\157}{section.4}% 15
\BOOKMARK [3][-]{subsubsection.4.2.1}{\376\377\000T\000F\000-\000I\000D\000F}{subsection.4.2}% 16
\BOOKMARK [3][-]{subsubsection.4.2.2}{\376\377\000B\000E\000R\000T}{subsection.4.2}% 17
\BOOKMARK [3][-]{subsubsection.4.2.3}{\376\377\000D\000i\000s\000t\000i\000l\000B\000E\000R\000T}{subsection.4.2}% 18
\BOOKMARK [3][-]{subsubsection.4.2.4}{\376\377\000S\000B\000E\000R\000T}{subsection.4.2}% 19
\BOOKMARK [3][-]{subsubsection.4.2.5}{\376\377\000E\000n\000s\000e\000m\000b\000l\000e\000:\000\040\122\006\174\173\126\150\136\246\221\317\134\102\217\223\121\372\207\215\124\010}{subsection.4.2}% 20
\BOOKMARK [2][-]{subsection.4.3}{\376\377\124\014\145\366\122\051\165\050\126\376\120\317\116\016\145\207\147\054\117\341\140\157}{section.4}% 21
\BOOKMARK [3][-]{subsubsection.4.3.1}{\376\377\000T\000F\000-\000I\000D\000F\000\040\116\016\000\040\000R\000e\000s\000N\000e\000t\000\040\123\326\136\166\226\306}{subsection.4.3}% 22
\BOOKMARK [3][-]{subsubsection.4.3.2}{\376\377\000S\000B\000E\000R\000T\000\040\116\016\000\040\000N\000F\000N\000e\000t\000\040\123\326\136\166\226\306}{subsection.4.3}% 23
\BOOKMARK [3][-]{subsubsection.4.3.3}{\376\377\000E\000n\000s\000e\000m\000b\000l\000e\000:\000\040\000T\000F\000-\000I\000D\000F\000\040\116\016\000\040\000R\000e\000s\000N\000e\000t\000\040\136\246\221\317\134\102\207\215\124\010}{subsection.4.3}% 24
\BOOKMARK [3][-]{subsubsection.4.3.4}{\376\377\000E\000n\000s\000e\000m\000b\000l\000e\000:\000\040\000S\000B\000E\000R\000T\000\040\116\016\000\040\000N\000F\000N\000e\000t\000\040\136\246\221\317\134\102\207\215\124\010}{subsection.4.3}% 25
\BOOKMARK [3][-]{subsubsection.4.3.5}{\376\377\000E\000n\000s\000e\000m\000b\000l\000e\000:\000\040\145\207\147\054\000\040\000E\000n\000s\000e\000m\000b\000l\000e\000\040\116\016\126\376\120\317\000\040\000E\000n\000s\000e\000m\000b\000l\000e\000\040\123\326\136\166\226\306}{subsection.4.3}% 26
\BOOKMARK [2][-]{subsection.4.4}{\376\377\116\316\147\072\126\150\133\146\116\140\211\322\136\246\217\333\210\114\166\204\145\071\217\333}{section.4}% 27
\BOOKMARK [3][-]{subsubsection.4.4.1}{\376\377\127\372\116\216\145\160\143\156\122\006\136\003\162\171\140\047\166\204\145\071\217\333\000:\000\040\000M\000i\000n\0002\000\040\147\000\134\021\116\044\116\052\123\237\122\031}{subsection.4.4}% 28
\BOOKMARK [3][-]{subsubsection.4.4.2}{\376\377\127\372\116\216\135\114\121\145\172\172\225\364\162\171\140\047\166\204\145\071\217\333\000:\000\040\000I\000N\000B\000\040\217\355\116\343\220\273\127\337\155\367\124\010}{subsection.4.4}% 29
\BOOKMARK [1][-]{section.5}{\376\377\133\236\232\214\213\276\213\241}{}% 30
\BOOKMARK [2][-]{subsection.5.1}{\376\377\145\160\143\156\226\306\122\022\122\006}{section.5}% 31
\BOOKMARK [2][-]{subsection.5.2}{\376\377\213\304\116\367\143\007\150\007}{section.5}% 32
\BOOKMARK [1][-]{section.6}{\376\377\133\236\232\214\176\323\147\234}{}% 33
\BOOKMARK [2][-]{subsection.6.1}{\376\377\116\305\122\051\165\050\126\376\120\317\117\341\140\157\133\236\232\214\176\323\147\234}{section.6}% 34
\BOOKMARK [3][-]{subsubsection.6.1.1}{\376\377\153\317\171\315\152\041\127\213\123\125\162\354\147\000\131\175\176\323\147\234\133\371\153\324}{subsection.6.1}% 35
\BOOKMARK [3][-]{subsubsection.6.1.2}{\376\377\000E\000n\000s\000e\000m\000b\000l\000e\000\040\176\323\147\234}{subsection.6.1}% 36
\BOOKMARK [3][-]{subsubsection.6.1.3}{\376\377\153\317\171\315\152\041\127\213\127\050\116\015\124\014\215\205\123\302\145\160\116\013\166\204\210\150\163\260}{subsection.6.1}% 37
\BOOKMARK [2][-]{subsection.6.2}{\376\377\116\305\122\051\165\050\145\207\147\054\117\341\140\157\133\236\232\214\176\323\147\234}{section.6}% 38
\BOOKMARK [3][-]{subsubsection.6.2.1}{\376\377\153\317\171\315\152\041\127\213\123\125\162\354\147\000\131\175\176\323\147\234\133\371\153\324}{subsection.6.2}% 39
\BOOKMARK [3][-]{subsubsection.6.2.2}{\376\377\000E\000n\000s\000e\000m\000b\000l\000e\000\040\176\323\147\234}{subsection.6.2}% 40
\BOOKMARK [3][-]{subsubsection.6.2.3}{\376\377\153\317\171\315\152\041\127\213\127\050\116\015\124\014\215\205\123\302\145\160\116\013\166\204\210\150\163\260}{subsection.6.2}% 41
\BOOKMARK [2][-]{subsection.6.3}{\376\377\124\014\145\366\122\051\165\050\126\376\120\317\116\016\145\207\147\054\117\341\140\157\133\236\232\214\176\323\147\234}{section.6}% 42
\BOOKMARK [3][-]{subsubsection.6.3.1}{\376\377\000T\000F\000-\000I\000D\000F\000\040\116\016\000\040\000R\000e\000s\000N\000e\000t\000\040\123\326\136\166\226\306}{subsection.6.3}% 43
\BOOKMARK [3][-]{subsubsection.6.3.2}{\376\377\000S\000B\000E\000R\000T\000\040\116\016\000\040\000N\000F\000N\000e\000t\000\040\123\326\136\166\226\306}{subsection.6.3}% 44
\BOOKMARK [3][-]{subsubsection.6.3.3}{\376\377\000E\000n\000s\000e\000m\000b\000l\000e\000:\000\040\000T\000F\000-\000I\000D\000F\000\040\116\016\000\040\000R\000e\000s\000N\000e\000t\000\040\136\246\221\317\134\102\207\215\124\010}{subsection.6.3}% 45
\BOOKMARK [3][-]{subsubsection.6.3.4}{\376\377\000E\000n\000s\000e\000m\000b\000l\000e\000:\000\040\000S\000B\000E\000R\000T\000\040\116\016\000\040\000N\000F\000N\000e\000t\000\040\136\246\221\317\134\102\207\215\124\010}{subsection.6.3}% 46
\BOOKMARK [3][-]{subsubsection.6.3.5}{\376\377\000E\000n\000s\000e\000m\000b\000l\000e\000:\000\040\145\207\147\054\000\040\000E\000n\000s\000e\000m\000b\000l\000e\000\040\116\016\126\376\120\317\000\040\000E\000n\000s\000e\000m\000b\000l\000e\000\040\123\326\136\166\226\306}{subsection.6.3}% 47
\BOOKMARK [3][-]{subsubsection.6.3.6}{\376\377\124\014\145\366\122\051\165\050\126\376\120\317\116\016\145\207\147\054\117\341\140\157\133\236\232\214\176\323\147\234\140\073\176\323}{subsection.6.3}% 48
\BOOKMARK [2][-]{subsection.6.4}{\376\377\116\316\147\072\126\150\133\146\116\140\211\322\136\246\145\071\217\333\124\016\166\204\133\236\232\214\176\323\147\234}{section.6}% 49
\BOOKMARK [3][-]{subsubsection.6.4.1}{\376\377\127\372\116\216\145\160\143\156\122\006\136\003\162\171\140\047\166\204\145\071\217\333\000:\000\040\000M\000i\000n\0002\000\040\147\000\134\021\116\044\116\052\123\237\122\031}{subsection.6.4}% 50
\BOOKMARK [3][-]{subsubsection.6.4.2}{\376\377\127\372\116\216\135\114\121\145\172\172\225\364\162\171\140\047\166\204\145\071\217\333\000:\000\040\000I\000N\000B\000\040\217\355\116\343\220\273\127\337\155\367\124\010}{subsection.6.4}% 51
\BOOKMARK [2][-]{subsection.6.5}{\376\377\133\236\232\214\176\323\147\234\140\073\176\323}{section.6}% 52
\BOOKMARK [1][-]{section.7}{\376\377\133\236\232\214\176\323\147\234\122\006\147\220}{}% 53
\BOOKMARK [2][-]{subsection.7.1}{\376\377\152\041\127\213\215\205\123\302\145\160\133\371\140\047\200\375\166\204\137\161\124\315}{section.7}% 54
\BOOKMARK [3][-]{subsubsection.7.1.1}{\376\377\000R\000e\000s\000N\000e\000t}{subsection.7.1}% 55
\BOOKMARK [3][-]{subsubsection.7.1.2}{\376\377\000R\000e\000s\000N\000e\000X\000t}{subsection.7.1}% 56
\BOOKMARK [3][-]{subsubsection.7.1.3}{\376\377\000D\000e\000n\000s\000e\000N\000e\000t}{subsection.7.1}% 57
\BOOKMARK [3][-]{subsubsection.7.1.4}{\376\377\000E\000f\000f\000i\000c\000i\000e\000n\000t\000N\000e\000t}{subsection.7.1}% 58
\BOOKMARK [3][-]{subsubsection.7.1.5}{\376\377\000N\000F\000N\000e\000t}{subsection.7.1}% 59
\BOOKMARK [3][-]{subsubsection.7.1.6}{\376\377\000B\000E\000R\000T}{subsection.7.1}% 60
\BOOKMARK [3][-]{subsubsection.7.1.7}{\376\377\000D\000i\000s\000t\000i\000l\000B\000E\000R\000T}{subsection.7.1}% 61
\BOOKMARK [3][-]{subsubsection.7.1.8}{\376\377\000S\000B\000E\000R\000T}{subsection.7.1}% 62
\BOOKMARK [2][-]{subsection.7.2}{\376\377\162\171\137\201\166\204\221\315\211\201\140\047\122\006\147\220}{section.7}% 63
\BOOKMARK [2][-]{subsection.7.3}{\376\377\225\031\213\357\122\006\147\220}{section.7}% 64
\BOOKMARK [2][-]{subsection.7.4}{\376\377\150\110\117\213\122\006\147\220}{section.7}% 65
\BOOKMARK [3][-]{subsubsection.7.4.1}{\376\377\116\305\122\051\165\050\126\376\120\317\117\341\140\157\133\236\232\214\176\323\147\234\122\006\147\220}{subsection.7.4}% 66
\BOOKMARK [3][-]{subsubsection.7.4.2}{\376\377\116\305\122\051\165\050\145\207\147\054\117\341\140\157\133\236\232\214\176\323\147\234\122\006\147\220}{subsection.7.4}% 67
\BOOKMARK [3][-]{subsubsection.7.4.3}{\376\377\124\014\145\366\122\051\165\050\126\376\120\317\116\016\145\207\147\054\117\341\140\157\133\236\232\214\176\323\147\234\122\006\147\220}{subsection.7.4}% 68
\BOOKMARK [2][-]{subsection.7.5}{\376\377\152\041\127\213\124\214\176\323\147\234\123\357\211\306\123\026\122\006\147\220}{section.7}% 69
\BOOKMARK [2][-]{subsection.7.6}{\376\377\116\316\147\072\126\150\133\146\116\140\211\322\136\246\145\071\217\333\124\016\166\204\133\236\232\214\176\323\147\234\122\006\147\220}{section.7}% 70
\BOOKMARK [3][-]{subsubsection.7.6.1}{\376\377\127\372\116\216\145\160\143\156\122\006\136\003\162\171\140\047\166\204\145\071\217\333\000:\000\040\000M\000i\000n\0002\000\040\147\000\134\021\116\044\116\052\123\237\122\031}{subsection.7.6}% 71
\BOOKMARK [3][-]{subsubsection.7.6.2}{\376\377\127\372\116\216\135\114\121\145\172\172\225\364\162\171\140\047\166\204\145\071\217\333\000:\000\040\000I\000N\000B\000\040\217\355\116\343\220\273\127\337\155\367\124\010}{subsection.7.6}% 72
\BOOKMARK [1][-]{section.8}{\376\377\116\343\170\001\143\245\123\343}{}% 73
\BOOKMARK [2][-]{subsection.8.1}{\376\377\123\302\200\003\116\343\170\001\213\364\146\016}{section.8}% 74
\BOOKMARK [2][-]{subsection.8.2}{\376\377\116\343\170\001\143\245\123\343}{section.8}% 75
\BOOKMARK [1][-]{section.9}{\376\377\176\323\213\272}{}% 76
\BOOKMARK [1][-]{section.9}{\376\377\123\302\200\003\145\207\163\056}{}% 77
